# JRE version: Java(TM) SE Runtime Environment (8.0_25-b17) (build 1.8.0_25-b17)
# Java VM: Java HotSpot(TM) 64-Bit Server VM (25.25-b02 mixed mode linux-amd64 compressed oops)
Heap:
 PSYoungGen      total 132096K, used 8399K [0x00000000f5580000, 0x00000000ff580000, 0x0000000100000000)
  eden space 124928K, 1% used [0x00000000f5580000,0x00000000f5701b58,0x00000000fcf80000)
  from space 7168K, 95% used [0x00000000fd400000,0x00000000fdab21c8,0x00000000fdb00000)
  to   space 19456K, 0% used [0x00000000fe280000,0x00000000fe280000,0x00000000ff580000)
 ParOldGen       total 84480K, used 39084K [0x00000000e0000000, 0x00000000e5280000, 0x00000000f5580000)
  object space 84480K, 46% used [0x00000000e0000000,0x00000000e262b398,0x00000000e5280000)
 Metaspace       used 83381K, capacity 89712K, committed 89728K, reserved 1126400K
  class space    used 10164K, capacity 12144K, committed 12160K, reserved 1048576K
GC Heap History (10 events):
Event: 731.467 GC heap before
{Heap before GC invocations=37 (full 13):
 PSYoungGen      total 120832K, used 2485K [0x00000000f5580000, 0x00000000ff900000, 0x0000000100000000)
  eden space 120320K, 2% used [0x00000000f5580000,0x00000000f57ed760,0x00000000fcb00000)
  from space 512K, 0% used [0x00000000fcb00000,0x00000000fcb00000,0x00000000fcb80000)
  to   space 23552K, 0% used [0x00000000fe200000,0x00000000fe200000,0x00000000ff900000)
 ParOldGen       total 84480K, used 39187K [0x00000000e0000000, 0x00000000e5280000, 0x00000000f5580000)
  object space 84480K, 46% used [0x00000000e0000000,0x00000000e2644cd0,0x00000000e5280000)
 Metaspace       used 78595K, capacity 84162K, committed 84352K, reserved 1122304K
  class space    used 9718K, capacity 11530K, committed 11648K, reserved 1048576K
Event: 731.473 GC heap after
Heap after GC invocations=37 (full 13):
 PSYoungGen      total 142848K, used 128K [0x00000000f5580000, 0x00000000ff800000, 0x0000000100000000)
  eden space 120320K, 0% used [0x00000000f5580000,0x00000000f5580000,0x00000000fcb00000)
  from space 22528K, 0% used [0x00000000fe200000,0x00000000fe220000,0x00000000ff800000)
  to   space 23040K, 0% used [0x00000000fcb00000,0x00000000fcb00000,0x00000000fe180000)
 ParOldGen       total 84480K, used 39187K [0x00000000e0000000, 0x00000000e5280000, 0x00000000f5580000)
  object space 84480K, 46% used [0x00000000e0000000,0x00000000e2644cd0,0x00000000e5280000)
 Metaspace       used 78595K, capacity 84162K, committed 84352K, reserved 1122304K
  class space    used 9718K, capacity 11530K, committed 11648K, reserved 1048576K
}
Event: 731.473 GC heap before
{Heap before GC invocations=38 (full 14):
 PSYoungGen      total 142848K, used 128K [0x00000000f5580000, 0x00000000ff800000, 0x0000000100000000)
  eden space 120320K, 0% used [0x00000000f5580000,0x00000000f5580000,0x00000000fcb00000)
  from space 22528K, 0% used [0x00000000fe200000,0x00000000fe220000,0x00000000ff800000)
  to   space 23040K, 0% used [0x00000000fcb00000,0x00000000fcb00000,0x00000000fe180000)
 ParOldGen       total 84480K, used 39187K [0x00000000e0000000, 0x00000000e5280000, 0x00000000f5580000)
  object space 84480K, 46% used [0x00000000e0000000,0x00000000e2644cd0,0x00000000e5280000)
 Metaspace       used 78595K, capacity 84162K, committed 84352K, reserved 1122304K
  class space    used 9718K, capacity 11530K, committed 11648K, reserved 1048576K
Event: 731.704 GC heap after
Heap after GC invocations=38 (full 14):
 PSYoungGen      total 142848K, used 0K [0x00000000f5580000, 0x00000000ff800000, 0x0000000100000000)
  eden space 120320K, 0% used [0x00000000f5580000,0x00000000f5580000,0x00000000fcb00000)
  from space 22528K, 0% used [0x00000000fe200000,0x00000000fe200000,0x00000000ff800000)
  to   space 23040K, 0% used [0x00000000fcb00000,0x00000000fcb00000,0x00000000fe180000)
 ParOldGen       total 84480K, used 39060K [0x00000000e0000000, 0x00000000e5280000, 0x00000000f5580000)
  object space 84480K, 46% used [0x00000000e0000000,0x00000000e2625398,0x00000000e5280000)
 Metaspace       used 78595K, capacity 84162K, committed 84352K, reserved 1122304K
  class space    used 9718K, capacity 11530K, committed 11648K, reserved 1048576K
}
Event: 856.129 GC heap before
{Heap before GC invocations=39 (full 14):
 PSYoungGen      total 142848K, used 120320K [0x00000000f5580000, 0x00000000ff800000, 0x0000000100000000)
  eden space 120320K, 100% used [0x00000000f5580000,0x00000000fcb00000,0x00000000fcb00000)
  from space 22528K, 0% used [0x00000000fe200000,0x00000000fe200000,0x00000000ff800000)
  to   space 23040K, 0% used [0x00000000fcb00000,0x00000000fcb00000,0x00000000fe180000)
 ParOldGen       total 84480K, used 39060K [0x00000000e0000000, 0x00000000e5280000, 0x00000000f5580000)
  object space 84480K, 46% used [0x00000000e0000000,0x00000000e2625398,0x00000000e5280000)
 Metaspace       used 82265K, capacity 88480K, committed 88704K, reserved 1126400K
  class space    used 10145K, capacity 12104K, committed 12160K, reserved 1048576K
Event: 856.137 GC heap after
Heap after GC invocations=39 (full 14):
 PSYoungGen      total 143360K, used 7777K [0x00000000f5580000, 0x00000000ffe80000, 0x0000000100000000)
  eden space 120320K, 0% used [0x00000000f5580000,0x00000000f5580000,0x00000000fcb00000)
  from space 23040K, 33% used [0x00000000fcb00000,0x00000000fd298740,0x00000000fe180000)
  to   space 22016K, 0% used [0x00000000fe900000,0x00000000fe900000,0x00000000ffe80000)
 ParOldGen       total 84480K, used 39068K [0x00000000e0000000, 0x00000000e5280000, 0x00000000f5580000)
  object space 84480K, 46% used [0x00000000e0000000,0x00000000e2627398,0x00000000e5280000)
 Metaspace       used 82265K, capacity 88480K, committed 88704K, reserved 1126400K
  class space    used 10145K, capacity 12104K, committed 12160K, reserved 1048576K
}
Event: 939.822 GC heap before
{Heap before GC invocations=40 (full 14):
 PSYoungGen      total 143360K, used 128097K [0x00000000f5580000, 0x00000000ffe80000, 0x0000000100000000)
  eden space 120320K, 100% used [0x00000000f5580000,0x00000000fcb00000,0x00000000fcb00000)
  from space 23040K, 33% used [0x00000000fcb00000,0x00000000fd298740,0x00000000fe180000)
  to   space 22016K, 0% used [0x00000000fe900000,0x00000000fe900000,0x00000000ffe80000)
 ParOldGen       total 84480K, used 39068K [0x00000000e0000000, 0x00000000e5280000, 0x00000000f5580000)
  object space 84480K, 46% used [0x00000000e0000000,0x00000000e2627398,0x00000000e5280000)
 Metaspace       used 82748K, capacity 89126K, committed 89216K, reserved 1126400K
  class space    used 10148K, capacity 12105K, committed 12160K, reserved 1048576K
Event: 939.834 GC heap after
Heap after GC invocations=40 (full 14):
 PSYoungGen      total 148992K, used 6022K [0x00000000f5580000, 0x00000000ffc00000, 0x0000000100000000)
  eden space 129536K, 0% used [0x00000000f5580000,0x00000000f5580000,0x00000000fd400000)
  from space 19456K, 30% used [0x00000000fe900000,0x00000000feee1b08,0x00000000ffc00000)
  to   space 20480K, 0% used [0x00000000fd400000,0x00000000fd400000,0x00000000fe800000)
 ParOldGen       total 84480K, used 39076K [0x00000000e0000000, 0x00000000e5280000, 0x00000000f5580000)
  object space 84480K, 46% used [0x00000000e0000000,0x00000000e2629398,0x00000000e5280000)
 Metaspace       used 82748K, capacity 89126K, committed 89216K, reserved 1126400K
  class space    used 10148K, capacity 12105K, committed 12160K, reserved 1048576K
}
Event: 1216.739 GC heap before
{Heap before GC invocations=41 (full 14):
 PSYoungGen      total 148992K, used 135558K [0x00000000f5580000, 0x00000000ffc00000, 0x0000000100000000)
  eden space 129536K, 100% used [0x00000000f5580000,0x00000000fd400000,0x00000000fd400000)
  from space 19456K, 30% used [0x00000000fe900000,0x00000000feee1b08,0x00000000ffc00000)
  to   space 20480K, 0% used [0x00000000fd400000,0x00000000fd400000,0x00000000fe800000)
 ParOldGen       total 84480K, used 39076K [0x00000000e0000000, 0x00000000e5280000, 0x00000000f5580000)
  object space 84480K, 46% used [0x00000000e0000000,0x00000000e2629398,0x00000000e5280000)
 Metaspace       used 83357K, capacity 89712K, committed 89728K, reserved 1126400K
  class space    used 10163K, capacity 12144K, committed 12160K, reserved 1048576K
Event: 1216.751 GC heap after
Heap after GC invocations=41 (full 14):
 PSYoungGen      total 132096K, used 6856K [0x00000000f5580000, 0x00000000ff580000, 0x0000000100000000)
  eden space 124928K, 0% used [0x00000000f5580000,0x00000000f5580000,0x00000000fcf80000)
  from space 7168K, 95% used [0x00000000fd400000,0x00000000fdab21c8,0x00000000fdb00000)
  to   space 19456K, 0% used [0x00000000fe280000,0x00000000fe280000,0x00000000ff580000)
 ParOldGen       total 84480K, used 39084K [0x00000000e0000000, 0x00000000e5280000, 0x00000000f5580000)
  object space 84480K, 46% used [0x00000000e0000000,0x00000000e262b398,0x00000000e5280000)
 Metaspace       used 83357K, capacity 89712K, committed 89728K, reserved 1126400K
  class space    used 10163K, capacity 12144K, committed 12160K, reserved 1048576K
}

